<?xml version="1.0" encoding="UTF-8"?>
<testsuite xmlns:xsi="http://www.w3.org/2001/XMLSchema-instance" xsi:noNamespaceSchemaLocation="https://maven.apache.org/surefire/maven-surefire-plugin/xsd/surefire-test-report.xsd" name="com.hexaware.ftp93.model.LeaveDetailsTest" time="1.612" tests="8" errors="0" skipped="0" failures="1">
  <properties>
[...]
</properties>
  <testcase name="testLeaveDetailsGetter" classname="com.hexaware.ftp93.model.LeaveDetailsTest" time="0.003"/>
  <testcase name="testEqualsHashCode" classname="com.hexaware.ftp93.model.LeaveDetailsTest" time="0.004"/>
  <testcase name="testToString" classname="com.hexaware.ftp93.model.LeaveDetailsTest" time="0.002"/>
  <testcase name="testapplyProcess" classname="com.hexaware.ftp93.model.LeaveDetailsTest" time="0.643">
    <failure message="expected:&lt;****[ Your leave request succcessfully recored form :2018-12-19 - 2018-12-20 for: 1days ]****&gt; but was:&lt;****[*Insufficient Leave Balance(EL/SL/ML) *]****&gt;" type="org.junit.ComparisonFailure"><![CDATA[org.junit.ComparisonFailure: expected:<****[ Your leave request succcessfully recored form :2018-12-19 - 2018-12-20 for: 1days ]****> but was:<****[*Insufficient Leave Balance(EL/SL/ML) *]****>
	at com.hexaware.ftp93.model.LeaveDetailsTest.testapplyProcess(LeaveDetailsTest.java:256)
]]></failure>
    <system-out><![CDATA[Handle [org.skife.jdbi.v2.BasicHandle@192d43ce] obtained in 339 millis
statement:[SELECT * FROM EMPLOYEE WHERE EMP_ID = ?] took 0 millis
Handle [org.skife.jdbi.v2.BasicHandle@192d43ce] released
]]></system-out>
  </testcase>
  <testcase name="testLeaveDetailsSetters" classname="com.hexaware.ftp93.model.LeaveDetailsTest" time="0.005"/>
  <testcase name="testEmployeeHistory" classname="com.hexaware.ftp93.model.LeaveDetailsTest" time="0.027"/>
  <testcase name="testLeavePending" classname="com.hexaware.ftp93.model.LeaveDetailsTest" time="0.027"/>
  <testcase name="testMgrComments" classname="com.hexaware.ftp93.model.LeaveDetailsTest" time="0.9"/>
</testsuite>